#
# There is insufficient memory for the Java Runtime Environment to continue.
# Native memory allocation (mmap) failed to map 268435456 bytes for G1 virtual space
# Possible reasons:
#   The system is out of physical RAM or swap space
#   The process is running with CompressedOops enabled, and the Java Heap may be blocking the growth of the native heap
# Possible solutions:
#   Reduce memory load on the system
#   Increase physical memory or swap space
#   Check if swap backing store is full
#   Decrease Java heap size (-Xmx/-Xms)
#   Decrease number of Java threads
#   Decrease Java thread stack sizes (-Xss)
#   Set larger code cache with -XX:ReservedCodeCacheSize=
#   JVM is running with Zero Based Compressed Oops mode in which the Java heap is
#     placed in the first 32GB address space. The Java Heap base address is the
#     maximum limit for the native heap growth. Please use -XX:HeapBaseMinAddress
#     to set the Java Heap base and to place the Java Heap above 32GB virtual address.
# This output file may be truncated or incomplete.
#
#  Out of Memory Error (os_windows.cpp:3548), pid=8856, tid=25884
#
# JRE version:  (17.0.10+11) (build )
# Java VM: Java HotSpot(TM) 64-Bit Server VM (17.0.10+11-LTS-240, mixed mode, sharing, tiered, compressed oops, compressed class ptrs, g1 gc, windows-amd64)
# No core dump will be written. Minidumps are not enabled by default on client versions of Windows
#

---------------  S U M M A R Y ------------

Command Line: -javaagent:C:\Program Files\JetBrains\IntelliJ IDEA 2025.2.5\lib\idea_rt.jar=52102 -Dfile.encoding=UTF-8 com.taskTracker.tasks.TasksApplication

Host: Intel(R) Core(TM) i5-8265U CPU @ 1.60GHz, 8 cores, 15G,  Windows 11 , 64 bit Build 26100 (10.0.26100.7019)
Time: Fri Dec 12 12:00:38 2025 Myanmar Standard Time elapsed time: 0.035745 seconds (0d 0h 0m 0s)

---------------  T H R E A D  ---------------

Current thread (0x0000026c70f7d8b0):  JavaThread "Unknown thread" [_thread_in_vm, id=25884, stack(0x0000008de2100000,0x0000008de2200000)]

Stack: [0x0000008de2100000,0x0000008de2200000]
Native frames: (J=compiled Java code, j=interpreted, Vv=VM code, C=native code)
V  [jvm.dll+0x677a5a]
V  [jvm.dll+0x7d8b2d]
V  [jvm.dll+0x7da48e]
V  [jvm.dll+0x7daaf3]
V  [jvm.dll+0x2455ff]
V  [jvm.dll+0x6749b9]
V  [jvm.dll+0x669382]
V  [jvm.dll+0x302e96]
V  [jvm.dll+0x30a416]
V  [jvm.dll+0x359cbe]
V  [jvm.dll+0x359eef]
V  [jvm.dll+0x2d9e88]
V  [jvm.dll+0x2dadf4]
V  [jvm.dll+0x7aa551]
V  [jvm.dll+0x367911]
V  [jvm.dll+0x789639]
V  [jvm.dll+0x3eb30f]
V  [jvm.dll+0x3ecd91]
C  [jli.dll+0x5297]
C  [ucrtbase.dll+0x37b0]
C  [KERNEL32.DLL+0x2e8d7]
C  [ntdll.dll+0x8c53c]


---------------  P R O C E S S  ---------------

Threads class SMR info:
_java_thread_list=0x00007ffba1346a18, length=0, elements={
}

Java Threads: ( => current thread )

Other Threads:
  0x0000026c70feb0f0 GCTaskThread "GC Thread#0" [stack: 0x0000008de2200000,0x0000008de2300000] [id=26772]
  0x0000026c70ffda70 ConcurrentGCThread "G1 Main Marker" [stack: 0x0000008de2300000,0x0000008de2400000] [id=4620]
  0x0000026c70fff9d0 ConcurrentGCThread "G1 Conc#0" [stack: 0x0000008de2400000,0x0000008de2500000] [id=14080]

[error occurred during error reporting (printing all threads), id 0xc0000005, EXCEPTION_ACCESS_VIOLATION (0xc0000005) at pc=0x00007ffba0b7aae7]

VM state: not at safepoint (not fully initialized)

VM Mutex/Monitor currently owned by a thread:  ([mutex/lock_event])
[0x0000026c70f7a6c0] Heap_lock - owner thread: 0x0000026c70f7d8b0

Heap address: 0x0000000701a00000, size: 4070 MB, Compressed Oops mode: Zero based, Oop shift amount: 3

CDS archive(s) mapped at: [0x0000000000000000-0x0000000000000000-0x0000000000000000), size 0, SharedBaseAddress: 0x0000000800000000, ArchiveRelocationMode: 1.
Narrow klass base: 0x0000000000000000, Narrow klass shift: 0, Narrow klass range: 0x0

GC Precious Log:
<Empty>

Heap:
 garbage-first heap   total 0K, used 0K [0x0000000701a00000, 0x0000000800000000)
  region size 2048K, 0 young (0K), 0 survivors (0K)

[error occurred during error reporting (printing heap information), id 0xc0000005, EXCEPTION_ACCESS_VIOLATION (0xc0000005) at pc=0x00007ffba0f61249]

GC Heap History (0 events):
No events

Deoptimization events (0 events):
No events

Classes unloaded (0 events):
No events

Classes redefined (0 events):
No events

Internal exceptions (0 events):
No events

VM Operations (0 events):
No events

Events (1 events):
Event: 0.028 Loaded shared library C:\Program Files\Java\jdk-17\bin\java.dll


Dynamic libraries:
0x00007ff665bc0000 - 0x00007ff665bd0000 	C:\Program Files\Java\jdk-17\bin\java.exe
0x00007ffc059e0000 - 0x00007ffc05c48000 	C:\WINDOWS\SYSTEM32\ntdll.dll
0x00007ffc03c20000 - 0x00007ffc03ce9000 	C:\WINDOWS\System32\KERNEL32.DLL
0x00007ffc02fb0000 - 0x00007ffc033a8000 	C:\WINDOWS\System32\KERNELBASE.dll
0x00007ffc02d20000 - 0x00007ffc02e6b000 	C:\WINDOWS\System32\ucrtbase.dll
0x00007ffbef840000 - 0x00007ffbef85b000 	C:\Program Files\Java\jdk-17\bin\VCRUNTIME140.dll
0x00007ffbef3e0000 - 0x00007ffbef3f9000 	C:\Program Files\Java\jdk-17\bin\jli.dll
0x00007ffc03e90000 - 0x00007ffc03f44000 	C:\WINDOWS\System32\ADVAPI32.dll
0x00007ffc04660000 - 0x00007ffc04709000 	C:\WINDOWS\System32\msvcrt.dll
0x00007ffc042c0000 - 0x00007ffc04366000 	C:\WINDOWS\System32\sechost.dll
0x00007ffc03b00000 - 0x00007ffc03c18000 	C:\WINDOWS\System32\RPCRT4.dll
0x00007ffc03910000 - 0x00007ffc03ad7000 	C:\WINDOWS\System32\USER32.dll
0x00007ffc03530000 - 0x00007ffc03557000 	C:\WINDOWS\System32\win32u.dll
0x00007ffc05920000 - 0x00007ffc0594b000 	C:\WINDOWS\System32\GDI32.dll
0x00007ffc02b30000 - 0x00007ffc02c5c000 	C:\WINDOWS\System32\gdi32full.dll
0x00007ffbeeef0000 - 0x00007ffbef184000 	C:\WINDOWS\WinSxS\amd64_microsoft.windows.common-controls_6595b64144ccf1df_6.0.26100.7019_none_3e06ffa0e335b8a8\COMCTL32.dll
0x00007ffc02e70000 - 0x00007ffc02f13000 	C:\WINDOWS\System32\msvcp_win.dll
0x00007ffbfaff0000 - 0x00007ffbfaffb000 	C:\WINDOWS\SYSTEM32\VERSION.dll
0x00007ffc05950000 - 0x00007ffc05981000 	C:\WINDOWS\System32\IMM32.DLL
0x00007ffbf3a20000 - 0x00007ffbf3a2c000 	C:\Program Files\Java\jdk-17\bin\vcruntime140_1.dll
0x00007ffbd9630000 - 0x00007ffbd96be000 	C:\Program Files\Java\jdk-17\bin\msvcp140.dll
0x00007ffba0890000 - 0x00007ffba146f000 	C:\Program Files\Java\jdk-17\bin\server\jvm.dll
0x00007ffc052f0000 - 0x00007ffc052f8000 	C:\WINDOWS\System32\PSAPI.DLL
0x00007ffbe2450000 - 0x00007ffbe245a000 	C:\WINDOWS\SYSTEM32\WSOCK32.dll
0x00007ffbf0680000 - 0x00007ffbf06b5000 	C:\WINDOWS\SYSTEM32\WINMM.dll
0x00007ffc03890000 - 0x00007ffc03904000 	C:\WINDOWS\System32\WS2_32.dll
0x00007ffc01880000 - 0x00007ffc0189b000 	C:\WINDOWS\SYSTEM32\kernel.appcore.dll
0x00007ffbf0980000 - 0x00007ffbf098a000 	C:\Program Files\Java\jdk-17\bin\jimage.dll
0x00007ffc00220000 - 0x00007ffc00462000 	C:\WINDOWS\SYSTEM32\DBGHELP.DLL
0x00007ffc04800000 - 0x00007ffc04b8b000 	C:\WINDOWS\System32\combase.dll
0x00007ffc04510000 - 0x00007ffc045e7000 	C:\WINDOWS\System32\OLEAUT32.dll
0x00007ffbee0d0000 - 0x00007ffbee10c000 	C:\WINDOWS\SYSTEM32\dbgcore.DLL
0x00007ffc03560000 - 0x00007ffc03605000 	C:\WINDOWS\System32\bcryptPrimitives.dll
0x00007ffbf51a0000 - 0x00007ffbf51ae000 	C:\Program Files\Java\jdk-17\bin\instrument.dll
0x00007ffbea5c0000 - 0x00007ffbea5e5000 	C:\Program Files\Java\jdk-17\bin\java.dll

dbghelp: loaded successfully - version: 4.0.5 - missing functions: none
symbol engine: initialized successfully - sym options: 0x614 - pdb path: .;C:\Program Files\Java\jdk-17\bin;C:\WINDOWS\SYSTEM32;C:\WINDOWS\WinSxS\amd64_microsoft.windows.common-controls_6595b64144ccf1df_6.0.26100.7019_none_3e06ffa0e335b8a8;C:\Program Files\Java\jdk-17\bin\server

VM Arguments:
jvm_args: -javaagent:C:\Program Files\JetBrains\IntelliJ IDEA 2025.2.5\lib\idea_rt.jar=52102 -Dfile.encoding=UTF-8 
java_command: com.taskTracker.tasks.TasksApplication
java_class_path (initial): E:\projects\task_tracker\api\target\classes;C:\Users\devzi\.m2\repository\org\springframework\boot\spring-boot-h2console\4.0.0\spring-boot-h2console-4.0.0.jar;C:\Users\devzi\.m2\repository\org\springframework\boot\spring-boot\4.0.0\spring-boot-4.0.0.jar;C:\Users\devzi\.m2\repository\org\springframework\spring-core\7.0.1\spring-core-7.0.1.jar;C:\Users\devzi\.m2\repository\commons-logging\commons-logging\1.3.5\commons-logging-1.3.5.jar;C:\Users\devzi\.m2\repository\org\jspecify\jspecify\1.0.0\jspecify-1.0.0.jar;C:\Users\devzi\.m2\repository\org\springframework\spring-context\7.0.1\spring-context-7.0.1.jar;C:\Users\devzi\.m2\repository\org\springframework\spring-aop\7.0.1\spring-aop-7.0.1.jar;C:\Users\devzi\.m2\repository\org\springframework\spring-beans\7.0.1\spring-beans-7.0.1.jar;C:\Users\devzi\.m2\repository\org\springframework\spring-expression\7.0.1\spring-expression-7.0.1.jar;C:\Users\devzi\.m2\repository\io\micrometer\micrometer-observation\1.16.0\micrometer-observation-1.16.0.jar;C:\Users\devzi\.m2\repository\io\micrometer\micrometer-commons\1.16.0\micrometer-commons-1.16.0.jar;C:\Users\devzi\.m2\repository\jakarta\servlet\jakarta.servlet-api\6.1.0\jakarta.servlet-api-6.1.0.jar;C:\Users\devzi\.m2\repository\org\springframework\boot\spring-boot-starter-data-jpa\4.0.0\spring-boot-starter-data-jpa-4.0.0.jar;C:\Users\devzi\.m2\repository\org\springframework\boot\spring-boot-starter\4.0.0\spring-boot-starter-4.0.0.jar;C:\Users\devzi\.m2\repository\org\springframework\boot\spring-boot-starter-logging\4.0.0\spring-boot-starter-logging-4.0.0.jar;C:\Users\devzi\.m2\repository\ch\qos\logback\logback-classic\1.5.21\logback-classic-1.5.21.jar;C:\Users\devzi\.m2\repository\ch\qos\logback\logback-core\1.5.21\logback-core-1.5.21.jar;C:\Users\devzi\.m2\repository\org\apache\logging\log4j\log4j-to-slf4j\2.25.2\log4j-to-slf4j-2.25.2.jar;C:\Users\devzi\.m2\repository\org\apache\logging\log4j\log4j-api\2.25.2\log4j-api-2.25.2.jar;C:\Users\devzi\.m2\re
Launcher Type: SUN_STANDARD

[Global flags]
     intx CICompilerCount                          = 4                                         {product} {ergonomic}
     uint ConcGCThreads                            = 2                                         {product} {ergonomic}
     uint G1ConcRefinementThreads                  = 8                                         {product} {ergonomic}
   size_t G1HeapRegionSize                         = 2097152                                   {product} {ergonomic}
    uintx GCDrainStackTargetSize                   = 64                                        {product} {ergonomic}
   size_t InitialHeapSize                          = 268435456                                 {product} {ergonomic}
   size_t MarkStackSize                            = 4194304                                   {product} {ergonomic}
   size_t MaxHeapSize                              = 4267704320                                {product} {ergonomic}
   size_t MinHeapDeltaBytes                        = 2097152                                   {product} {ergonomic}
   size_t MinHeapSize                              = 8388608                                   {product} {ergonomic}
    uintx NonNMethodCodeHeapSize                   = 5839372                                {pd product} {ergonomic}
    uintx NonProfiledCodeHeapSize                  = 122909434                              {pd product} {ergonomic}
    uintx ProfiledCodeHeapSize                     = 122909434                              {pd product} {ergonomic}
    uintx ReservedCodeCacheSize                    = 251658240                              {pd product} {ergonomic}
     bool SegmentedCodeCache                       = true                                      {product} {ergonomic}
   size_t SoftMaxHeapSize                          = 4267704320                             {manageable} {ergonomic}
     bool UseCompressedClassPointers               = true                           {product lp64_product} {ergonomic}
     bool UseCompressedOops                        = true                           {product lp64_product} {ergonomic}
     bool UseG1GC                                  = true                                      {product} {ergonomic}
     bool UseLargePagesIndividualAllocation        = false                                  {pd product} {ergonomic}

Logging:
Log output configuration:
 #0: stdout all=warning uptime,level,tags
 #1: stderr all=off uptime,level,tags

Environment Variables:
PATH=C:\Program Files\ImageMagick-7.1.2-Q16-HDRI;C:\Program Files\Common Files\Oracle\Java\javapath;C:\Program Files (x86)\Common Files\Oracle\Java\java8path;C:\Program Files (x86)\Common Files\Oracle\Java\javapath;C:\WINDOWS\system32;C:\WINDOWS;C:\WINDOWS\System32\Wbem;C:\WINDOWS\System32\WindowsPowerShell\v1.0\;C:\WINDOWS\System32\OpenSSH\;C:\Program Files\apache-maven-3.9.6-bin\bin;C:\Program Files\Java\jdk-21\bin;C:\Program Files\PuTTY\;C:\Program Files\apache-maven-3.9.6-bin\apache-maven-3.9.6\bin;C:\Program Files\Git\cmd;C:\Program Files\Docker\Docker\resources\bin;C:\Program Files\Cloudflare\Cloudflare WARP\;c:\Users\devzi\AppData\Local\Programs\cursor\resources\app\bin;C:\Program Files\gs\gs10.05.1\bin;C:\Program Files\cursor\resources\app\bin;C:\Program Files\PowerShell\7\;C:\Users\devzi\AppData\Local\nvm;C:\nvm4w\nodejs;C:\Users\devzi\AppData\Roaming\npm\pnpm;C:\Users\devzi\AppData\Local\Microsoft\WindowsApps;C:\Users\devzi\AppData\Local\Programs\Microsoft VS Code\bin;C:\Users\devzi\AppData\Roaming\npm\pnpm\AppData\Roaming\npm\pnpm;C:\Program Files (x86)\GnuWin32\bin;C:\Users\devzi\AppData\Local\Programs\cursor\resources\app\bin;C:\Users\devzi\AppData\Local\nvm;C:\nvm4w\nodejs
USERNAME=devzi
OS=Windows_NT
PROCESSOR_IDENTIFIER=Intel64 Family 6 Model 142 Stepping 12, GenuineIntel



---------------  S Y S T E M  ---------------

OS:
 Windows 11 , 64 bit Build 26100 (10.0.26100.7019)
OS uptime: 3 days 20:19 hours
Hyper-V role detected

CPU: total 8 (initial active 8) (4 cores per cpu, 2 threads per core) family 6 model 142 stepping 12 microcode 0xde, cx8, cmov, fxsr, ht, mmx, 3dnowpref, sse, sse2, sse3, ssse3, sse4.1, sse4.2, popcnt, lzcnt, tsc, tscinvbit, avx, avx2, aes, erms, clmul, bmi1, bmi2, adx, fma, vzeroupper, clflush, clflushopt, hv

Memory: 4k page, system-wide physical 16275M (1696M free)
TotalPageFile size 33840M (AvailPageFile size 191M)
current process WorkingSet (physical memory assigned to process): 12M, peak: 12M
current process commit charge ("private bytes"): 60M, peak: 316M

vm_info: Java HotSpot(TM) 64-Bit Server VM (17.0.10+11-LTS-240) for windows-amd64 JRE (17.0.10+11-LTS-240), built on Dec 19 2023 21:47:25 by "mach5one" with MS VC++ 17.1 (VS2022)

END.
